{"/Volumes/development/MyProjects/RNUnitTest/src/components/index.js": {"path":"/Volumes/development/MyProjects/RNUnitTest/src/components/index.js","statementMap":{},"fnMap":{},"branchMap":{},"s":{},"f":{},"b":{}}
,"/Volumes/development/MyProjects/RNUnitTest/src/components/Button/index.js": {"path":"/Volumes/development/MyProjects/RNUnitTest/src/components/Button/index.js","statementMap":{"0":{"start":{"line":46,"column":15},"end":{"line":56,"column":1}},"1":{"start":{"line":47,"column":39},"end":{"line":47,"column":45}},"2":{"start":{"line":48,"column":31},"end":{"line":48,"column":36}},"3":{"start":{"line":49,"column":4},"end":{"line":55,"column":6}},"4":{"start":{"line":58,"column":15},"end":{"line":76,"column":1}}},"fnMap":{"0":{"name":"(anonymous_0)","decl":{"start":{"line":46,"column":15},"end":{"line":46,"column":16}},"loc":{"start":{"line":46,"column":26},"end":{"line":56,"column":1}},"line":46}},"branchMap":{},"s":{"0":0,"1":0,"2":0,"3":0,"4":0},"f":{"0":0},"b":{}}
,"/Volumes/development/MyProjects/RNUnitTest/src/components/Button2/index.js": {"path":"/Volumes/development/MyProjects/RNUnitTest/src/components/Button2/index.js","statementMap":{"0":{"start":{"line":7,"column":8},"end":{"line":7,"column":21}},"1":{"start":{"line":11,"column":21},"end":{"line":17,"column":5}},"2":{"start":{"line":12,"column":33},"end":{"line":12,"column":43}},"3":{"start":{"line":13,"column":8},"end":{"line":15,"column":9}},"4":{"start":{"line":14,"column":12},"end":{"line":14,"column":32}},"5":{"start":{"line":16,"column":8},"end":{"line":16,"column":17}},"6":{"start":{"line":20,"column":43},"end":{"line":20,"column":49}},"7":{"start":{"line":21,"column":35},"end":{"line":21,"column":45}},"8":{"start":{"line":24,"column":31},"end":{"line":24,"column":130}},"9":{"start":{"line":26,"column":8},"end":{"line":32,"column":10}},"10":{"start":{"line":36,"column":0},"end":{"line":38,"column":1}},"11":{"start":{"line":40,"column":15},"end":{"line":58,"column":1}}},"fnMap":{"0":{"name":"(anonymous_0)","decl":{"start":{"line":6,"column":4},"end":{"line":6,"column":5}},"loc":{"start":{"line":6,"column":23},"end":{"line":8,"column":5}},"line":6},"1":{"name":"(anonymous_1)","decl":{"start":{"line":11,"column":21},"end":{"line":11,"column":22}},"loc":{"start":{"line":11,"column":27},"end":{"line":17,"column":5}},"line":11},"2":{"name":"(anonymous_2)","decl":{"start":{"line":19,"column":4},"end":{"line":19,"column":5}},"loc":{"start":{"line":19,"column":13},"end":{"line":33,"column":5}},"line":19}},"branchMap":{"0":{"loc":{"start":{"line":13,"column":8},"end":{"line":15,"column":9}},"type":"if","locations":[{"start":{"line":13,"column":8},"end":{"line":15,"column":9}},{"start":{"line":13,"column":8},"end":{"line":15,"column":9}}],"line":13},"1":{"loc":{"start":{"line":24,"column":31},"end":{"line":24,"column":130}},"type":"cond-expr","locations":[{"start":{"line":24,"column":41},"end":{"line":24,"column":52}},{"start":{"line":24,"column":55},"end":{"line":24,"column":130}}],"line":24}},"s":{"0":0,"1":0,"2":0,"3":0,"4":0,"5":0,"6":0,"7":0,"8":0,"9":0,"10":0,"11":0},"f":{"0":0,"1":0,"2":0},"b":{"0":[0,0],"1":[0,0]}}
,"/Volumes/development/MyProjects/RNUnitTest/src/scene/Home/index.js": {"path":"/Volumes/development/MyProjects/RNUnitTest/src/scene/Home/index.js","statementMap":{"0":{"start":{"line":10,"column":8},"end":{"line":15,"column":10}},"1":{"start":{"line":19,"column":19},"end":{"line":22,"column":1}},"2":{"start":{"line":24,"column":15},"end":{"line":47,"column":2}}},"fnMap":{"0":{"name":"(anonymous_0)","decl":{"start":{"line":9,"column":4},"end":{"line":9,"column":5}},"loc":{"start":{"line":9,"column":13},"end":{"line":16,"column":5}},"line":9}},"branchMap":{},"s":{"0":0,"1":0,"2":0},"f":{"0":0},"b":{}}
,"/Volumes/development/MyProjects/RNUnitTest/src/scene/OnBoarding/index.js": {"path":"/Volumes/development/MyProjects/RNUnitTest/src/scene/OnBoarding/index.js","statementMap":{"0":{"start":{"line":19,"column":26},"end":{"line":19,"column":50}},"1":{"start":{"line":24,"column":26},"end":{"line":42,"column":5}},"2":{"start":{"line":44,"column":12},"end":{"line":44,"column":38}},"3":{"start":{"line":52,"column":22},"end":{"line":52,"column":69}},"4":{"start":{"line":54,"column":20},"end":{"line":54,"column":68}},"5":{"start":{"line":56,"column":21},"end":{"line":56,"column":34}},"6":{"start":{"line":58,"column":22},"end":{"line":64,"column":9}},"7":{"start":{"line":68,"column":8},"end":{"line":71,"column":10}},"8":{"start":{"line":73,"column":8},"end":{"line":73,"column":21}},"9":{"start":{"line":80,"column":20},"end":{"line":83,"column":5}},"10":{"start":{"line":82,"column":8},"end":{"line":82,"column":42}},"11":{"start":{"line":89,"column":18},"end":{"line":99,"column":5}},"12":{"start":{"line":91,"column":8},"end":{"line":91,"column":43}},"13":{"start":{"line":94,"column":8},"end":{"line":98,"column":10}},"14":{"start":{"line":105,"column":22},"end":{"line":118,"column":5}},"15":{"start":{"line":106,"column":52},"end":{"line":106,"column":65}},"16":{"start":{"line":107,"column":27},"end":{"line":107,"column":37}},"17":{"start":{"line":108,"column":24},"end":{"line":108,"column":34}},"18":{"start":{"line":109,"column":25},"end":{"line":109,"column":39}},"19":{"start":{"line":114,"column":8},"end":{"line":117,"column":9}},"20":{"start":{"line":116,"column":12},"end":{"line":116,"column":47}},"21":{"start":{"line":124,"column":18},"end":{"line":144,"column":5}},"22":{"start":{"line":125,"column":22},"end":{"line":125,"column":32}},"23":{"start":{"line":126,"column":19},"end":{"line":126,"column":49}},"24":{"start":{"line":127,"column":19},"end":{"line":127,"column":30}},"25":{"start":{"line":128,"column":20},"end":{"line":128,"column":31}},"26":{"start":{"line":131,"column":8},"end":{"line":133,"column":9}},"27":{"start":{"line":132,"column":12},"end":{"line":132,"column":19}},"28":{"start":{"line":136,"column":8},"end":{"line":136,"column":62}},"29":{"start":{"line":139,"column":8},"end":{"line":139,"column":39}},"30":{"start":{"line":141,"column":8},"end":{"line":143,"column":11}},"31":{"start":{"line":149,"column":12},"end":{"line":176,"column":5}},"32":{"start":{"line":151,"column":8},"end":{"line":153,"column":9}},"33":{"start":{"line":152,"column":12},"end":{"line":152,"column":19}},"34":{"start":{"line":155,"column":22},"end":{"line":155,"column":32}},"35":{"start":{"line":156,"column":19},"end":{"line":156,"column":39}},"36":{"start":{"line":157,"column":16},"end":{"line":157,"column":34}},"37":{"start":{"line":158,"column":16},"end":{"line":158,"column":17}},"38":{"start":{"line":161,"column":8},"end":{"line":161,"column":78}},"39":{"start":{"line":164,"column":8},"end":{"line":164,"column":42}},"40":{"start":{"line":167,"column":8},"end":{"line":175,"column":9}},"41":{"start":{"line":168,"column":12},"end":{"line":174,"column":15}},"42":{"start":{"line":169,"column":16},"end":{"line":173,"column":19}},"43":{"start":{"line":182,"column":23},"end":{"line":199,"column":5}},"44":{"start":{"line":183,"column":8},"end":{"line":198,"column":10}},"45":{"start":{"line":184,"column":44},"end":{"line":184,"column":72}},"46":{"start":{"line":193,"column":20},"end":{"line":195,"column":27}},"47":{"start":{"line":204,"column":23},"end":{"line":231,"column":5}},"48":{"start":{"line":205,"column":8},"end":{"line":207,"column":9}},"49":{"start":{"line":206,"column":12},"end":{"line":206,"column":24}},"50":{"start":{"line":209,"column":26},"end":{"line":209,"column":73}},"51":{"start":{"line":210,"column":18},"end":{"line":210,"column":45}},"52":{"start":{"line":212,"column":19},"end":{"line":212,"column":21}},"53":{"start":{"line":214,"column":8},"end":{"line":221,"column":9}},"54":{"start":{"line":214,"column":23},"end":{"line":214,"column":24}},"55":{"start":{"line":215,"column":12},"end":{"line":220,"column":14}},"56":{"start":{"line":223,"column":8},"end":{"line":230,"column":10}},"57":{"start":{"line":236,"column":19},"end":{"line":249,"column":5}},"58":{"start":{"line":237,"column":27},"end":{"line":237,"column":68}},"59":{"start":{"line":238,"column":8},"end":{"line":248,"column":10}},"60":{"start":{"line":243,"column":62},"end":{"line":243,"column":95}},"61":{"start":{"line":245,"column":61},"end":{"line":245,"column":73}},"62":{"start":{"line":254,"column":13},"end":{"line":265,"column":5}},"63":{"start":{"line":255,"column":8},"end":{"line":264,"column":10}},"64":{"start":{"line":268,"column":15},"end":{"line":323,"column":2}}},"fnMap":{"0":{"name":"(anonymous_0)","decl":{"start":{"line":49,"column":4},"end":{"line":49,"column":5}},"loc":{"start":{"line":49,"column":21},"end":{"line":74,"column":5}},"line":49},"1":{"name":"(anonymous_1)","decl":{"start":{"line":80,"column":20},"end":{"line":80,"column":21}},"loc":{"start":{"line":80,"column":25},"end":{"line":83,"column":5}},"line":80},"2":{"name":"(anonymous_2)","decl":{"start":{"line":89,"column":18},"end":{"line":89,"column":19}},"loc":{"start":{"line":89,"column":23},"end":{"line":99,"column":5}},"line":89},"3":{"name":"(anonymous_3)","decl":{"start":{"line":105,"column":22},"end":{"line":105,"column":23}},"loc":{"start":{"line":105,"column":27},"end":{"line":118,"column":5}},"line":105},"4":{"name":"(anonymous_4)","decl":{"start":{"line":124,"column":18},"end":{"line":124,"column":19}},"loc":{"start":{"line":124,"column":30},"end":{"line":144,"column":5}},"line":124},"5":{"name":"(anonymous_5)","decl":{"start":{"line":149,"column":12},"end":{"line":149,"column":13}},"loc":{"start":{"line":149,"column":18},"end":{"line":176,"column":5}},"line":149},"6":{"name":"(anonymous_6)","decl":{"start":{"line":168,"column":25},"end":{"line":168,"column":26}},"loc":{"start":{"line":168,"column":31},"end":{"line":174,"column":13}},"line":168},"7":{"name":"(anonymous_7)","decl":{"start":{"line":182,"column":23},"end":{"line":182,"column":24}},"loc":{"start":{"line":182,"column":32},"end":{"line":199,"column":5}},"line":182},"8":{"name":"(anonymous_8)","decl":{"start":{"line":184,"column":29},"end":{"line":184,"column":30}},"loc":{"start":{"line":184,"column":42},"end":{"line":184,"column":74}},"line":184},"9":{"name":"(anonymous_9)","decl":{"start":{"line":191,"column":27},"end":{"line":191,"column":28}},"loc":{"start":{"line":193,"column":20},"end":{"line":195,"column":27}},"line":193},"10":{"name":"(anonymous_10)","decl":{"start":{"line":204,"column":23},"end":{"line":204,"column":24}},"loc":{"start":{"line":204,"column":29},"end":{"line":231,"column":5}},"line":204},"11":{"name":"(anonymous_11)","decl":{"start":{"line":236,"column":19},"end":{"line":236,"column":20}},"loc":{"start":{"line":236,"column":25},"end":{"line":249,"column":5}},"line":236},"12":{"name":"(anonymous_12)","decl":{"start":{"line":243,"column":56},"end":{"line":243,"column":57}},"loc":{"start":{"line":243,"column":62},"end":{"line":243,"column":95}},"line":243},"13":{"name":"(anonymous_13)","decl":{"start":{"line":245,"column":55},"end":{"line":245,"column":56}},"loc":{"start":{"line":245,"column":61},"end":{"line":245,"column":73}},"line":245},"14":{"name":"(anonymous_14)","decl":{"start":{"line":254,"column":13},"end":{"line":254,"column":14}},"loc":{"start":{"line":254,"column":44},"end":{"line":265,"column":5}},"line":254}},"branchMap":{"0":{"loc":{"start":{"line":52,"column":22},"end":{"line":52,"column":69}},"type":"cond-expr","locations":[{"start":{"line":52,"column":39},"end":{"line":52,"column":65}},{"start":{"line":52,"column":68},"end":{"line":52,"column":69}}],"line":52},"1":{"loc":{"start":{"line":52,"column":39},"end":{"line":52,"column":65}},"type":"binary-expr","locations":[{"start":{"line":52,"column":39},"end":{"line":52,"column":60}},{"start":{"line":52,"column":64},"end":{"line":52,"column":65}}],"line":52},"2":{"loc":{"start":{"line":54,"column":20},"end":{"line":54,"column":68}},"type":"cond-expr","locations":[{"start":{"line":54,"column":32},"end":{"line":54,"column":64}},{"start":{"line":54,"column":67},"end":{"line":54,"column":68}}],"line":54},"3":{"loc":{"start":{"line":94,"column":25},"end":{"line":97,"column":55}},"type":"cond-expr","locations":[{"start":{"line":95,"column":14},"end":{"line":95,"column":43}},{"start":{"line":97,"column":14},"end":{"line":97,"column":55}}],"line":94},"4":{"loc":{"start":{"line":114,"column":8},"end":{"line":117,"column":9}},"type":"if","locations":[{"start":{"line":114,"column":8},"end":{"line":117,"column":9}},{"start":{"line":114,"column":8},"end":{"line":117,"column":9}}],"line":114},"5":{"loc":{"start":{"line":114,"column":12},"end":{"line":115,"column":58}},"type":"binary-expr","locations":[{"start":{"line":114,"column":12},"end":{"line":114,"column":32}},{"start":{"line":115,"column":13},"end":{"line":115,"column":24}},{"start":{"line":115,"column":28},"end":{"line":115,"column":57}}],"line":114},"6":{"loc":{"start":{"line":131,"column":8},"end":{"line":133,"column":9}},"type":"if","locations":[{"start":{"line":131,"column":8},"end":{"line":133,"column":9}},{"start":{"line":131,"column":8},"end":{"line":133,"column":9}}],"line":131},"7":{"loc":{"start":{"line":151,"column":8},"end":{"line":153,"column":9}},"type":"if","locations":[{"start":{"line":151,"column":8},"end":{"line":153,"column":9}},{"start":{"line":151,"column":8},"end":{"line":153,"column":9}}],"line":151},"8":{"loc":{"start":{"line":151,"column":12},"end":{"line":151,"column":62}},"type":"binary-expr","locations":[{"start":{"line":151,"column":12},"end":{"line":151,"column":38}},{"start":{"line":151,"column":42},"end":{"line":151,"column":62}}],"line":151},"9":{"loc":{"start":{"line":161,"column":8},"end":{"line":161,"column":77}},"type":"binary-expr","locations":[{"start":{"line":161,"column":8},"end":{"line":161,"column":23}},{"start":{"line":161,"column":27},"end":{"line":161,"column":77}}],"line":161},"10":{"loc":{"start":{"line":167,"column":8},"end":{"line":175,"column":9}},"type":"if","locations":[{"start":{"line":167,"column":8},"end":{"line":175,"column":9}},{"start":{"line":167,"column":8},"end":{"line":175,"column":9}}],"line":167},"11":{"loc":{"start":{"line":205,"column":8},"end":{"line":207,"column":9}},"type":"if","locations":[{"start":{"line":205,"column":8},"end":{"line":207,"column":9}},{"start":{"line":205,"column":8},"end":{"line":207,"column":9}}],"line":205},"12":{"loc":{"start":{"line":215,"column":22},"end":{"line":219,"column":50}},"type":"cond-expr","locations":[{"start":{"line":217,"column":18},"end":{"line":217,"column":56}},{"start":{"line":219,"column":18},"end":{"line":219,"column":50}}],"line":215},"13":{"loc":{"start":{"line":240,"column":17},"end":{"line":245,"column":77}},"type":"cond-expr","locations":[{"start":{"line":243,"column":22},"end":{"line":243,"column":99}},{"start":{"line":245,"column":22},"end":{"line":245,"column":77}}],"line":240},"14":{"loc":{"start":{"line":254,"column":14},"end":{"line":254,"column":39}},"type":"default-arg","locations":[{"start":{"line":254,"column":29},"end":{"line":254,"column":39}}],"line":254}},"s":{"0":0,"1":0,"2":0,"3":0,"4":0,"5":0,"6":0,"7":0,"8":0,"9":0,"10":0,"11":0,"12":0,"13":0,"14":0,"15":0,"16":0,"17":0,"18":0,"19":0,"20":0,"21":0,"22":0,"23":0,"24":0,"25":0,"26":0,"27":0,"28":0,"29":0,"30":0,"31":0,"32":0,"33":0,"34":0,"35":0,"36":0,"37":0,"38":0,"39":0,"40":0,"41":0,"42":0,"43":0,"44":0,"45":0,"46":0,"47":0,"48":0,"49":0,"50":0,"51":0,"52":0,"53":0,"54":0,"55":0,"56":0,"57":0,"58":0,"59":0,"60":0,"61":0,"62":0,"63":0,"64":0},"f":{"0":0,"1":0,"2":0,"3":0,"4":0,"5":0,"6":0,"7":0,"8":0,"9":0,"10":0,"11":0,"12":0,"13":0,"14":0},"b":{"0":[0,0],"1":[0,0],"2":[0,0],"3":[0,0],"4":[0,0],"5":[0,0,0],"6":[0,0],"7":[0,0],"8":[0,0],"9":[0,0],"10":[0,0],"11":[0,0],"12":[0,0],"13":[0,0],"14":[0]}}
,"/Volumes/development/MyProjects/RNUnitTest/src/scene/SwiperScreens/index.js": {"path":"/Volumes/development/MyProjects/RNUnitTest/src/scene/SwiperScreens/index.js","statementMap":{"0":{"start":{"line":12,"column":8},"end":{"line":33,"column":10}},"1":{"start":{"line":37,"column":19},"end":{"line":40,"column":1}},"2":{"start":{"line":42,"column":15},"end":{"line":65,"column":2}}},"fnMap":{"0":{"name":"(anonymous_0)","decl":{"start":{"line":11,"column":4},"end":{"line":11,"column":5}},"loc":{"start":{"line":11,"column":13},"end":{"line":34,"column":5}},"line":11}},"branchMap":{},"s":{"0":0,"1":0,"2":0},"f":{"0":0},"b":{}}
}
