TN:
SF:src/components/index.js
FNF:0
FNH:0
LF:0
LH:0
BRF:0
BRH:0
end_of_record
TN:
SF:src/components/Button/index.js
FN:46,(anonymous_0)
FNF:1
FNH:1
FNDA:1,(anonymous_0)
DA:46,2
DA:47,1
DA:48,1
DA:49,1
DA:58,2
LF:5
LH:5
BRF:0
BRH:0
end_of_record
TN:
SF:src/components/Button2/index.js
FN:6,(anonymous_0)
FN:11,(anonymous_1)
FN:19,(anonymous_2)
FNF:3
FNH:2
FNDA:2,(anonymous_0)
FNDA:0,(anonymous_1)
FNDA:2,(anonymous_2)
DA:7,2
DA:11,2
DA:12,0
DA:13,0
DA:14,0
DA:16,0
DA:20,2
DA:21,2
DA:24,2
DA:26,2
DA:36,2
DA:40,2
LF:12
LH:8
BRDA:13,0,0,0
BRDA:13,0,1,0
BRDA:24,1,0,1
BRDA:24,1,1,1
BRF:4
BRH:2
end_of_record
TN:
SF:src/scene/Home/index.js
FN:9,(anonymous_0)
FNF:1
FNH:1
FNDA:1,(anonymous_0)
DA:10,1
DA:19,1
DA:24,1
LF:3
LH:3
BRF:0
BRH:0
end_of_record
TN:
SF:src/scene/OnBoarding/index.js
FN:49,(anonymous_0)
FN:80,(anonymous_1)
FN:89,(anonymous_2)
FN:105,(anonymous_3)
FN:124,(anonymous_4)
FN:149,(anonymous_5)
FN:168,(anonymous_6)
FN:182,(anonymous_7)
FN:184,(anonymous_8)
FN:191,(anonymous_9)
FN:204,(anonymous_10)
FN:236,(anonymous_11)
FN:243,(anonymous_12)
FN:245,(anonymous_13)
FN:254,(anonymous_14)
FNF:15
FNH:0
FNDA:0,(anonymous_0)
FNDA:0,(anonymous_1)
FNDA:0,(anonymous_2)
FNDA:0,(anonymous_3)
FNDA:0,(anonymous_4)
FNDA:0,(anonymous_5)
FNDA:0,(anonymous_6)
FNDA:0,(anonymous_7)
FNDA:0,(anonymous_8)
FNDA:0,(anonymous_9)
FNDA:0,(anonymous_10)
FNDA:0,(anonymous_11)
FNDA:0,(anonymous_12)
FNDA:0,(anonymous_13)
FNDA:0,(anonymous_14)
DA:19,0
DA:24,0
DA:44,0
DA:52,0
DA:54,0
DA:56,0
DA:58,0
DA:68,0
DA:73,0
DA:80,0
DA:82,0
DA:89,0
DA:91,0
DA:94,0
DA:105,0
DA:106,0
DA:107,0
DA:108,0
DA:109,0
DA:114,0
DA:116,0
DA:124,0
DA:125,0
DA:126,0
DA:127,0
DA:128,0
DA:131,0
DA:132,0
DA:136,0
DA:139,0
DA:141,0
DA:149,0
DA:151,0
DA:152,0
DA:155,0
DA:156,0
DA:157,0
DA:158,0
DA:161,0
DA:164,0
DA:167,0
DA:168,0
DA:169,0
DA:182,0
DA:183,0
DA:184,0
DA:193,0
DA:204,0
DA:205,0
DA:206,0
DA:209,0
DA:210,0
DA:212,0
DA:214,0
DA:215,0
DA:223,0
DA:236,0
DA:237,0
DA:238,0
DA:243,0
DA:245,0
DA:254,0
DA:255,0
DA:268,0
LF:64
LH:0
BRDA:52,0,0,0
BRDA:52,0,1,0
BRDA:52,1,0,0
BRDA:52,1,1,0
BRDA:54,2,0,0
BRDA:54,2,1,0
BRDA:94,3,0,0
BRDA:94,3,1,0
BRDA:114,4,0,0
BRDA:114,4,1,0
BRDA:114,5,0,0
BRDA:114,5,1,0
BRDA:114,5,2,0
BRDA:131,6,0,0
BRDA:131,6,1,0
BRDA:151,7,0,0
BRDA:151,7,1,0
BRDA:151,8,0,0
BRDA:151,8,1,0
BRDA:161,9,0,0
BRDA:161,9,1,0
BRDA:167,10,0,0
BRDA:167,10,1,0
BRDA:205,11,0,0
BRDA:205,11,1,0
BRDA:215,12,0,0
BRDA:215,12,1,0
BRDA:240,13,0,0
BRDA:240,13,1,0
BRDA:254,14,0,0
BRF:30
BRH:0
end_of_record
TN:
SF:src/scene/SwiperScreens/index.js
FN:11,(anonymous_0)
FNF:1
FNH:0
FNDA:0,(anonymous_0)
DA:12,0
DA:37,0
DA:42,0
LF:3
LH:0
BRF:0
BRH:0
end_of_record
